C51 COMPILER V9.59.0.0   BTM                                                               09/04/2018 10:50:11 PAGE 1   


C51 COMPILER V9.59.0.0, COMPILATION OF MODULE BTM
OBJECT MODULE PLACED IN BTM.obj
COMPILER INVOKED BY: D:\keil4\C51\BIN\C51.EXE c\BTM.c OPTIMIZE(8,SPEED) BROWSE DEBUG OBJECTEXTEND PRINT(.\BTM.lst) TABS(
                    -2) OBJECT(BTM.obj)

line level    source

   1          #include "H/Function_Init.H"
   2          
   3          void BTM_Init(void);
   4          
   5          /*****************************************************
   6          *函数名称：void BTM_Test(void)
   7          *函数功能：BTM测试
   8          *入口参数：void
   9          *出口参数：void
  10          *****************************************************/
  11          void BTM_Test(void)
  12          {
  13   1        BTM_Init();
  14   1        while(1)
  15   1        {
  16   2        }
  17   1      }
  18          /*****************************************************
  19          *函数名称：void BTM_Init(void)
  20          *函数功能：BTM初始化
  21          *入口参数：void
  22          *出口参数：void
  23          *****************************************************/
  24          void BTM_Init(void)
  25          {
  26   1      //  BTMCON = 0x00;  //不开启
  27   1      //  BTMCON = 0x80;  //每15.6ms产生一个中断
  28   1      //  BTMCON = 0x81;  //每31.3ms产生一个中断
  29   1      //  BTMCON = 0x82;  //每62.5ms产生一个中断
  30   1      //  BTMCON = 0x83;  //每125ms产生一个中断
  31   1        BTMCON = 0x84;  //每0.25s产生一个中断
  32   1      //  BTMCON = 0x85;  //每0.5s产生一个中断
  33   1      //  BTMCON = 0x86;  //每1s产生一个中断
  34   1      //  BTMCON = 0x87;  //每2s产生一个中断
  35   1        EA = 1;           //开启总中断
  36   1        IE1 |= 0x04;       //开启BTM中断
  37   1      }
  38          
  39          /*****************************************************
  40          *函数名称：void BTM_Int(void) interrupt 9
  41          *函数功能：中断函数
  42          *入口参数：void
  43          *出口参数：void
  44          *****************************************************/
  45          void BTM_Int(void) interrupt 9
  46          {
  47   1        if(!(BTMCON&0X40))    //中断标志位判断
  48   1        {
  49   2          P20 = ~P20;
  50   2        }
  51   1      }


MODULE INFORMATION:   STATIC OVERLAYABLE
C51 COMPILER V9.59.0.0   BTM                                                               09/04/2018 10:50:11 PAGE 2   

   CODE SIZE        =     26    ----
   CONSTANT SIZE    =   ----    ----
   XDATA SIZE       =   ----    ----
   PDATA SIZE       =   ----    ----
   DATA SIZE        =   ----    ----
   IDATA SIZE       =   ----    ----
   BIT SIZE         =   ----    ----
END OF MODULE INFORMATION.


C51 COMPILATION COMPLETE.  0 WARNING(S),  0 ERROR(S)
