C51 COMPILER V9.59.0.0   EX_INIT                                                           09/08/2018 10:56:07 PAGE 1   


C51 COMPILER V9.59.0.0, COMPILATION OF MODULE EX_INIT
OBJECT MODULE PLACED IN EX_Init.obj
COMPILER INVOKED BY: D:\keil4\C51\BIN\C51.EXE c\EX_Init.c OPTIMIZE(8,SPEED) BROWSE INCDIR(.\H) DEBUG OBJECTEXTEND PRINT(
                    -.\EX_Init.lst) TABS(2) OBJECT(EX_Init.obj)

line level    source

   1          #include "H/Function_Init.H"
   2          /*****************************************************
   3          *函数名称：void EX_Init(void)
   4          *函数功能：外部中断初始化
   5          *入口参数：void
   6          *出口参数：void
   7          *****************************************************/
   8          void EX_Init(void)
   9          { 
  10   1        //配置中断口INT03、INT12/13、INT24/25
  11   1        P1CON &= 0X37;     //中断IO口设置为高阻输入
  12   1        P1PH  |= 0xC8;     //中断IO口设置为高阻带上拉
  13   1        P2CON &= 0XFC;     //中断IO口设置为高阻输入
  14   1        P2PH  |= 0x03;     //中断IO口设置为高阻带上拉
  15   1       
  16   1        //配置INT03上升沿中断、INT12/13下降沿中断、INT24/25双沿中断
  17   1          //下降沿设置  
  18   1          INT0F = 0X00 ;    //xxxx 0000  0关闭 1使能
  19   1          INT1F = 0X0C ;    //xxxx xxxx  0关闭 1使能
  20   1          INT2F = 0X30 ;    //0000 xxxx  0关闭 1使能
  21   1          //上升沿设置  
  22   1        //INT0R = 0X08 ;    //xxxx 0000  0关闭 1使能 
  23   1        //INT1R = 0X00 ;    //xxxx xxxx  0关闭 1使能
  24   1        //INT2R = 0X30 ;    //0000 xxxx  0关闭 1使能  
  25   1        
  26   1        //外部中断优先级设置
  27   1        IE  |= 0x05;  //0000 0x0x
  28   1        IE1 |= 0x08;  //0000 x000  INT2使能
  29   1        IP  |= 0X00;
  30   1        IP1 |= 0X00;
  31   1        EA = 1;
  32   1      }
  33          
  34          


MODULE INFORMATION:   STATIC OVERLAYABLE
   CODE SIZE        =     30    ----
   CONSTANT SIZE    =   ----    ----
   XDATA SIZE       =   ----    ----
   PDATA SIZE       =   ----    ----
   DATA SIZE        =   ----    ----
   IDATA SIZE       =   ----    ----
   BIT SIZE         =   ----    ----
END OF MODULE INFORMATION.


C51 COMPILATION COMPLETE.  0 WARNING(S),  0 ERROR(S)
