C51 COMPILER V9.59.0.0   IAP_INIT                                                          09/04/2018 10:50:11 PAGE 1   


C51 COMPILER V9.59.0.0, COMPILATION OF MODULE IAP_INIT
OBJECT MODULE PLACED IN IAP_Init.obj
COMPILER INVOKED BY: D:\keil4\C51\BIN\C51.EXE c\IAP_Init.c OPTIMIZE(8,SPEED) BROWSE DEBUG OBJECTEXTEND PRINT(.\IAP_Init.
                    -lst) TABS(2) OBJECT(IAP_Init.obj)

line level    source

   1          #include "H/Function_Init.H"
   2          
   3          //#define IapROM  0x00    //0x00：选择ROM区操作  0x02：选择EEPROM区操作
   4          //#define IapEPPROM  0x02   //0x00：选择ROM区操作  0x02：选择EEPROM区操作
   5          unsigned char code *IapAddr = 0x00;
   6          
   7          void IAPWrite(uint Addr,uchar Value,uchar IAPArea);
   8          uchar IAPRead(uint Addr,uchar IAPArea);
   9          uchar IapReadData = 0x00;   //存放读取的IAP数据
  10          
  11          /*****************************************************
  12          *函数名称：void IAP_Test(uchar Address,uchar IAPArea)
  13          *函数功能：IAP测试
  14          *入口参数：void
  15          *出口参数：Address,IAPArea
  16          *****************************************************/
  17          void IAP_Test(uint Address,uchar IAPArea)
  18          {
  19   1        IAPWrite(Address,0xff,IAPArea);
  20   1        IapReadData = IAPRead(Address,IAPArea);
  21   1        IAPADE = 0x00;       //IAP指针指回ROM区
  22   1        while(1)
  23   1        {
  24   2          if(IapReadData == 0xff)
  25   2          {
  26   3            P20 = ~P20;
  27   3          }
  28   2          else
  29   2          {
  30   3            P21 = ~P21;
  31   3          }
  32   2        }
  33   1      }
  34          
  35          /*****************************************************
  36          *函数名称：void IAPWrite(uchar Addr,uchar Value,uchar IAPArea)
  37          *函数功能：IAP初始化
  38          *入口参数：void
  39          *出口参数：Addr,Value,IAPArea
  40          *****************************************************/
  41          //IAP写操作
  42          void IAPWrite(uint Addr,uchar Value,uchar IAPArea)
  43          { 
  44   1        EA = 0;
  45   1        IAPDAT = Value;      //写入数据Data
  46   1        IAPADH = ((Addr>>8)&0X7F);   //写入地址的高5位
  47   1        IAPADL = Addr;               //写入地址的低8位
  48   1        
  49   1        IAPADE = IAPArea;  //IAPArea=0x00：选择ROM区操作  IAPArea=0x02：选择EEPROM区操作
  50   1        IAPKEY = 240;      //IAP开启保护控制时间
  51   1        IAPCTL = 0x06;     //CPU hold time为2ms，写入操作命令
  52   1        _nop_();
  53   1        _nop_();
  54   1        _nop_();
C51 COMPILER V9.59.0.0   IAP_INIT                                                          09/04/2018 10:50:11 PAGE 2   

  55   1        _nop_();
  56   1        _nop_();
  57   1        _nop_();
  58   1        _nop_();
  59   1        _nop_();
  60   1        IAPADE = 0x00;      //MOVC指向ROM
  61   1        EA = 1;
  62   1      }
  63          /*****************************************************
  64          *函数名称：uchar IAPRead(uchar Addr,uchar IAPArea)
  65          *函数功能：IAP初始化
  66          *入口参数：void
  67          *出口参数：Addr,IAPArea
  68          *****************************************************/
  69          uchar IAPRead(uint Addr,uchar IAPArea)
  70          {
  71   1        uchar ReadValue = 0x00;
  72   1        EA = 0;
  73   1        IAPADE = IAPArea;
  74   1        ReadValue = *(IapAddr+Addr); //读取的数据
  75   1        IAPADE = 0x00;               //MOVC指向ROM
  76   1        EA = 1;
  77   1        return ReadValue;
  78   1      }


MODULE INFORMATION:   STATIC OVERLAYABLE
   CODE SIZE        =    104    ----
   CONSTANT SIZE    =   ----    ----
   XDATA SIZE       =   ----    ----
   PDATA SIZE       =   ----    ----
   DATA SIZE        =      3       5
   IDATA SIZE       =   ----    ----
   BIT SIZE         =   ----    ----
END OF MODULE INFORMATION.


C51 COMPILATION COMPLETE.  0 WARNING(S),  0 ERROR(S)
