C51 COMPILER V9.59.0.0   LCD_INIT                                                          09/04/2018 10:50:12 PAGE 1   


C51 COMPILER V9.59.0.0, COMPILATION OF MODULE LCD_INIT
OBJECT MODULE PLACED IN LCD_Init.obj
COMPILER INVOKED BY: D:\keil4\C51\BIN\C51.EXE c\LCD_Init.c OPTIMIZE(8,SPEED) BROWSE DEBUG OBJECTEXTEND PRINT(.\LCD_Init.
                    -lst) TABS(2) OBJECT(LCD_Init.obj)

line level    source

   1          #include "H/Function_Init.H"
   2          
   3          void LCD_Init(void);
   4          /*****************************************************
   5          *函数名称：void LCD_Init(void)
   6          *函数功能：LCD初始化
   7          *入口参数：void
   8          *出口参数：void
   9          *****************************************************/
  10          void LCD_Test(void)
  11          {
  12   1        LCD_Init();
  13   1        while(1)
  14   1        {
  15   2        }
  16   1      }
  17          /*****************************************************
  18          *函数名称：void LCD_Init(void)
  19          *函数功能：LCD初始化
  20          *入口参数：void
  21          *出口参数：void
  22          *****************************************************/
  23          void LCD_Init(void)
  24          {
  25   1        P0VO = 0x1f;       //打开LCD电压输出功能，输出电压为1/2VDD
  26   1      //  OTCON = 0x00;     //关闭内部分压电阻
  27   1      //  OTCON = 0x04;     //设定内部分压电阻为25K
  28   1      //  OTCON = 0x08;     //设定内部分压电阻为50K
  29   1        OTCON = 0x0C;     //设定内部分压电阻为100K
  30   1      }


MODULE INFORMATION:   STATIC OVERLAYABLE
   CODE SIZE        =     12    ----
   CONSTANT SIZE    =   ----    ----
   XDATA SIZE       =   ----    ----
   PDATA SIZE       =   ----    ----
   DATA SIZE        =   ----    ----
   IDATA SIZE       =   ----    ----
   BIT SIZE         =   ----    ----
END OF MODULE INFORMATION.


C51 COMPILATION COMPLETE.  0 WARNING(S),  0 ERROR(S)
