C51 COMPILER V9.59.0.0   TIMER_INIT                                                        09/08/2018 10:56:07 PAGE 1   


C51 COMPILER V9.59.0.0, COMPILATION OF MODULE TIMER_INIT
OBJECT MODULE PLACED IN Timer_Init.obj
COMPILER INVOKED BY: D:\keil4\C51\BIN\C51.EXE c\Timer_Init.c OPTIMIZE(8,SPEED) BROWSE INCDIR(.\H) DEBUG OBJECTEXTEND PRI
                    -NT(.\Timer_Init.lst) TABS(2) OBJECT(Timer_Init.obj)

line level    source

   1          #include "H/Function_Init.H"
   2          /*****************************************************
   3          *函数名称：void Timer_Init(void)
   4          *函数功能：T0/T1/T2初始化
   5          *入口参数：void
   6          *出口参数：void
   7          *****************************************************/
   8          void Timer_Init(void)
   9          { 
  10   1        TMCON = 0X07;    //------111 ;Timer0、Tiemr1和Tiemr2选择时钟Fsys
  11   1        
  12   1        //T0设置
  13   1        TMOD |= 0x01;                 //0000 0001;Timer0设置工作方式1
  14   1        TL0 = (65536 - 440)%256;    //溢出时间：时钟为Fsys，则24000*（1/Fsys）=1ms;
  15   1        TH0 = (65536 - 440)/256;
  16   1        TR0 = 0;
  17   1        ET0 = 1;//定时器0允许
  18   1        TR0 = 1;//打开定时器0
  19   1        //T1设置
  20   1        TMOD |= 0x20;            //0010 0000;Timer1设置工作方式2
  21   1        TL1 = 256 - 240;   //溢出时间：时钟为Fsys，则240*（1/Fsys）=10us;
  22   1        TH1 = 256 - 240;
  23   1        TR1 = 0;
  24   1        ET1 = 1;//定时器1允许
  25   1        TR1 = 1;//打开定时器1
  26   1        //T2设置
  27   1        T2MOD = 0x00;
  28   1        T2CON = 0x00;  //设置为16位重载寄存器
  29   1        RCAP2H = (65536-48000)/256;     //溢出时间：时钟为Fsys，则48000*（1/Fsys）=2ms;
  30   1        RCAP2L = (65536-48000)%256;
  31   1        TR2 = 0;
  32   1        ET2 = 1;//定时器2允许
  33   1        TR2 = 1;//打开定时器2   
  34   1        /*
  35   1        //Timer2捕获功能
  36   1        T2CON = 0X09; //使能EXT2，16位捕获模式
  37   1        T2MOD = 0X00;
  38   1        TH2 = 0X00;
  39   1        TL2 = 0X00;
  40   1        RCAP2H = 0X00;
  41   1        RCAP2L = 0X00;
  42   1        TR2 = 0;
  43   1        ET2 = 1;//定时器2允许
  44   1        TR2 = 1;//打开定时器2 
  45   1        */
  46   1        
  47   1        //EA = 1; 
  48   1      }
  49          
  50          


MODULE INFORMATION:   STATIC OVERLAYABLE
   CODE SIZE        =     51    ----
C51 COMPILER V9.59.0.0   TIMER_INIT                                                        09/08/2018 10:56:07 PAGE 2   

   CONSTANT SIZE    =   ----    ----
   XDATA SIZE       =   ----    ----
   PDATA SIZE       =   ----    ----
   DATA SIZE        =   ----    ----
   IDATA SIZE       =   ----    ----
   BIT SIZE         =   ----    ----
END OF MODULE INFORMATION.


C51 COMPILATION COMPLETE.  0 WARNING(S),  0 ERROR(S)
