C51 COMPILER V9.59.0.0   DISPLAY                                                           08/29/2018 08:43:25 PAGE 1   


C51 COMPILER V9.59.0.0, COMPILATION OF MODULE DISPLAY
OBJECT MODULE PLACED IN ..\OUTPUT\display.obj
COMPILER INVOKED BY: D:\keil4\C51\BIN\C51.EXE ..\USER\Src\display.c OPTIMIZE(8,SPEED) BROWSE INCDIR(..\USER\Inc) DEBUG O
                    -BJECTEXTEND PRINT(..\LST\display.lst) TABS(2) OBJECT(..\OUTPUT\display.obj)

line level    source

   1          #include "display.h"
   2          #include "tm1638.h"
   3          #include "ir1838.h"
   4          
   5          /**************************************************
   6          *函数名称：IR_Display 
   7          *函数功能：红外控制数码管显示
   8          *入口参数：无           
   9          *出口参数：无
  10          *功能说明：
  11          **************************************************/
  12          void IR_Display(void)
  13          {
  14   1        uchar IR_Value; 
  15   1        IR_Value = IR_ReadKey();
  16   1          if(IR_Value == 3)
  17   1          {
  18   2             P27 = 1;
  19   2          }
  20   1          else if(IR_Value == 4)
  21   1          {
  22   2             P25 = 1;
  23   2          }
  24   1          else
  25   1          {
  26   2             P25 = 0;
  27   2             P27 = 0;
  28   2          }
  29   1        //TM1638_DisplayOnlyNumber(IR_Value, IR_Value, IR_Value, IR_Value); 
  30   1      }


MODULE INFORMATION:   STATIC OVERLAYABLE
   CODE SIZE        =     32    ----
   CONSTANT SIZE    =   ----    ----
   XDATA SIZE       =   ----    ----
   PDATA SIZE       =   ----    ----
   DATA SIZE        =   ----    ----
   IDATA SIZE       =   ----    ----
   BIT SIZE         =   ----    ----
END OF MODULE INFORMATION.


C51 COMPILATION COMPLETE.  0 WARNING(S),  0 ERROR(S)
