C51 COMPILER V9.59.0.0   IR1838                                                            09/08/2018 11:34:28 PAGE 1   


C51 COMPILER V9.59.0.0, COMPILATION OF MODULE IR1838
OBJECT MODULE PLACED IN ..\OUTPUT\ir1838.obj
COMPILER INVOKED BY: D:\keil4\C51\BIN\C51.EXE ..\USER\Src\ir1838.c OPTIMIZE(8,SPEED) BROWSE INCDIR(..\USER\Inc) DEBUG OB
                    -JECTEXTEND PRINT(..\LST\ir1838.lst) TABS(2) OBJECT(..\OUTPUT\ir1838.obj)

line level    source

   1          #include "ir1838.h"
   2          
   3          extern uint IR_Count;         //INT2时间计数值（用以判断引导码或数据码）
   4          uchar IR_KeyValue[4] = {0,0,0,0};   //系统码、数据码、数据码反码存放数组
   5          uchar value ;             //遥控器按键键值
   6          
   7          //  红外遥控按键对应码值  
   8          //    1  2  3        -->     45  46  47
   9          //    4  5  6    -->     44  40  43
  10          //    7  8  9    -->     07  15  09
  11          //    *  0  #    -->     16  19  0D
  12          //       up      -->       18
  13          //   lf  ok   rg   -->     08  1C  5A
  14          //       dn      -->       52
  15          
  16          /**************************************************
  17          *函数名称：EXTI2_Init
  18          *函数功能: 外部中断2初始化
  19          *入口参数：无           
  20          *出口参数：无
  21          *功能说明：INT22设置为下降沿触发
  22          **************************************************/
  23          void EXTI2_Init(void)
  24          {
  25   1        INT2F |= 0X04;
  26   1        IE1 |= 0X08;
  27   1      }
  28          
  29          /**************************************************
  30          *函数名称：IR1838Processing
  31          *函数功能: 红外数据处理
  32          *入口参数：无           
  33          *出口参数：无
  34          *功能说明：
  35          **************************************************/
  36          void IR1838Processing(void)
  37          {
  38   1        static uchar  i = 0,j = 0;            
  39   1        static bit IR_Flag = 1;               //是否开始处理标志位
  40   1      
  41   1        if(IR_Count<=350 && IR_Count>=325)    //引导码，9ms+4.5ms=337.5个，往前往后0.5ms
  42   1        {
  43   2          i = 0;                //数组重新接收
  44   2          IR_Flag = 0;                    //接收到正确的引导码,开始接收数据
  45   2        }
  46   1      
  47   1        if(IR_Flag == 1)            //过滤重复码
  48   1        {
  49   2          IR_Count = 0;
  50   2          return;                
  51   2        }
  52   1      
  53   1        if(IR_Flag == 0)
  54   1        {            
C51 COMPILER V9.59.0.0   IR1838                                                            09/08/2018 11:34:28 PAGE 2   

  55   2          if(IR_Count<=31 && IR_Count>=25)     //1.120ms,28
  56   2          {
  57   3            IR_KeyValue[i] >>= 1;
  58   3            IR_KeyValue[i] &= 0x7f;
  59   3            j++;
  60   3          }
  61   2          if(IR_Count<=59 && IR_Count>=53)     //2.240ms,56
  62   2          {
  63   3            IR_KeyValue[i] >>= 1;
  64   3            IR_KeyValue[i] |= 0x80;
  65   3            j++;
  66   3          }
  67   2          IR_Count = 0;
  68   2          if(j == 8)
  69   2          {
  70   3            j = 0;
  71   3            i++;
  72   3            if(i > 3)             //接收完成
  73   3            {
  74   4              i = 0;
  75   4              IR_Flag = 1;          
  76   4            }
  77   3          }
  78   2        }
  79   1      }
  80          
  81          /**************************************************
  82          *函数名称：IR_ReadKey
  83          *函数功能: 读红外遥控器键值
  84          *入口参数：无           
  85          *出口参数：无
  86          *功能说明：按键0~9有效，其余按键显示----
  87          **************************************************/
  88          uchar IR_ReadKey(void)
  89          {
  90   1        switch(IR_KeyValue[2])      //数据码
  91   1          {
  92   2            case 0x19:
  93   2              value = 0;
  94   2              break;
  95   2            case 0x45:
  96   2              value = 1;
  97   2              break;
  98   2            case 0x46:
  99   2              value = 2;
 100   2              break;
 101   2            case 0x47:
 102   2              value = 3;
 103   2              break;
 104   2            case 0x44:
 105   2              value = 4;
 106   2              break;
 107   2            case 0x40:
 108   2              value = 5;
 109   2              break;
 110   2            case 0x43:
 111   2              value = 6;
 112   2              break;
 113   2            case 0x07:
 114   2              value = 7;
 115   2              break;
 116   2            case 0x15:
C51 COMPILER V9.59.0.0   IR1838                                                            09/08/2018 11:34:28 PAGE 3   

 117   2              value = 8;
 118   2              break;
 119   2            case 0x09:
 120   2              value = 9;
 121   2              break;
 122   2            default:
 123   2              value = 17; 
 124   2          }
 125   1          return value; 
 126   1      }


MODULE INFORMATION:   STATIC OVERLAYABLE
   CODE SIZE        =    296    ----
   CONSTANT SIZE    =   ----    ----
   XDATA SIZE       =   ----    ----
   PDATA SIZE       =   ----    ----
   DATA SIZE        =      7    ----
   IDATA SIZE       =   ----    ----
   BIT SIZE         =      1    ----
END OF MODULE INFORMATION.


C51 COMPILATION COMPLETE.  0 WARNING(S),  0 ERROR(S)
