C51 COMPILER V9.59.0.0   SC92F7003_IT                                                      09/08/2018 11:34:28 PAGE 1   


C51 COMPILER V9.59.0.0, COMPILATION OF MODULE SC92F7003_IT
OBJECT MODULE PLACED IN ..\OUTPUT\SC92F7003_IT.obj
COMPILER INVOKED BY: D:\keil4\C51\BIN\C51.EXE ..\USER\Src\SC92F7003_IT.c OPTIMIZE(8,SPEED) BROWSE INCDIR(..\USER\Inc) DE
                    -BUG OBJECTEXTEND PRINT(..\LST\SC92F7003_IT.lst) TABS(2) OBJECT(..\OUTPUT\SC92F7003_IT.obj)

line level    source

   1          //************************************************************
   2          //  Copyright (c) 深圳市赛元微电子有限公司
   3          //  文件名称  : SC92F7003_IT.C
   4          //  作者    : 
   5          //  模块功能  : SC92F7003_IT固件库函数C文件
   6          //  局部函数列表:
   7          //  最后更正日期: 2018/3/18
   8          //  版本    : V1.0   
   9          //*************************************************************
  10          
  11          #include "sc92f7003_it.h"
  12          #include "ir1838.h"
  13          
  14          volatile uint  T0Flag1msCount = 0, T0Flag10msCount = 0, T0Flag100msCount = 0, IR_Count = 0;  // 1ms/10ms/1
             -00ms计数值，INT2时间计数值（用以判断引导码或数据码）
  15          bit T0Flag1ms = 0,T0Flag10ms = 0, T0Flag100ms = 0;  //1毫秒、10毫秒、100毫秒标志位
  16          
  17          void INT0Interrupt()    interrupt 0
  18          {
  19   1      
  20   1      }
  21          
  22          void Timer0Interrupt()    interrupt 1
  23          {
  24   1        TL0 = (65536 - 640)%256 + TL0 ;       //此处修改初值使之更贴近40us
  25   1        TH0 = (65536 - 640)/256;
  26   1        IR_Count++;
  27   1      
  28   1        if(++T0Flag1msCount > 24)
  29   1        {
  30   2          T0Flag1ms = 1;
  31   2          T0Flag1msCount = 0;
  32   2        } 
  33   1        if(++T0Flag10msCount > 249)
  34   1        {
  35   2          T0Flag10ms = 1;
  36   2          T0Flag10msCount = 0;
  37   2        } 
  38   1        if(++T0Flag100msCount > 2499)
  39   1        {
  40   2          T0Flag100ms = 1;
  41   2          T0Flag100msCount = 0;
  42   2        }   
  43   1      }
  44          
  45          void INT1Interrupt()    interrupt 2
  46          {
  47   1      
  48   1      }
  49          
  50          void Timer1Interrupt()    interrupt 3
  51          {
  52   1        
  53   1      }
C51 COMPILER V9.59.0.0   SC92F7003_IT                                                      09/08/2018 11:34:28 PAGE 2   

  54          
  55          void UART0Interrupt()   interrupt 4
  56          {
  57   1        
  58   1      }
  59          
  60          void Timer2Interrupt()    interrupt 5
  61          {
  62   1      
  63   1      }
  64          
  65          void ADCInterrupt()     interrupt 6
  66          {
  67   1      
  68   1      }
  69          
  70          void SSIInterrupt()     interrupt 7
  71          {
  72   1      
  73   1      }
  74          
  75          void PWMInterrupt()     interrupt 8
  76          {
  77   1      
  78   1      }
  79          
  80          void BTMInterrupt()     interrupt 9
  81          {
  82   1      
  83   1      }
  84          
  85          void INT2Interrupt()    interrupt 10
  86          {
  87   1        IR1838Processing();
  88   1          
  89   1      }
  90          
  91          /******************* (C) COPYRIGHT 2018 SinOne Microelectronics *****END OF FILE****/


MODULE INFORMATION:   STATIC OVERLAYABLE
   CODE SIZE        =    185    ----
   CONSTANT SIZE    =   ----    ----
   XDATA SIZE       =   ----    ----
   PDATA SIZE       =   ----    ----
   DATA SIZE        =      8    ----
   IDATA SIZE       =   ----    ----
   BIT SIZE         =      3    ----
END OF MODULE INFORMATION.


C51 COMPILATION COMPLETE.  0 WARNING(S),  0 ERROR(S)
