C51 COMPILER V9.59.0.0   SYSTEM_INIT                                                       09/08/2018 11:34:28 PAGE 1   


C51 COMPILER V9.59.0.0, COMPILATION OF MODULE SYSTEM_INIT
OBJECT MODULE PLACED IN ..\OUTPUT\system_init.obj
COMPILER INVOKED BY: D:\keil4\C51\BIN\C51.EXE ..\USER\Src\system_init.c OPTIMIZE(8,SPEED) BROWSE INCDIR(..\USER\Inc) DEB
                    -UG OBJECTEXTEND PRINT(..\LST\system_init.lst) TABS(2) OBJECT(..\OUTPUT\system_init.obj)

line level    source

   1          #include "system_init.h"
   2          
   3          void SystemInit(void)
   4          {
   5   1        GPIO_Init();        //IO初始化
   6   1        TIMER0_Init();        //T0初始化，定时40us
   7   1        TM1638_Init();          //TM1638初始化
   8   1        EXTI2_Init();       //外部中断口P22初始化
   9   1      
  10   1        TM1638_DisplayOnlyNumber(17, 17, 17, 17); //数码管上电显示值
  11   1        EA = 1;           //开总中断
  12   1      }


MODULE INFORMATION:   STATIC OVERLAYABLE
   CODE SIZE        =     27    ----
   CONSTANT SIZE    =   ----    ----
   XDATA SIZE       =   ----    ----
   PDATA SIZE       =   ----    ----
   DATA SIZE        =   ----    ----
   IDATA SIZE       =   ----    ----
   BIT SIZE         =   ----    ----
END OF MODULE INFORMATION.


C51 COMPILATION COMPLETE.  0 WARNING(S),  0 ERROR(S)
